[2024-07-05T13:20:56.321Z] [SUCCESS] Aplicativo iniciado com sucesso na porta 8080
[2024-07-05T13:20:56.426Z] [SUCCESS] Banco de dados localhost.node-js conectado
[2024-07-05T13:20:56.429Z] [SUCCESS] Banco de dados localhost.pw conectado
[2024-07-05T13:21:36.774Z] [SUCCESS] Aplicativo iniciado na porta 8080
[2024-07-05T13:21:36.858Z] [SUCCESS] Banco de dados localhost.pw conectado
[2024-07-05T13:21:36.860Z] [SUCCESS] Banco de dados localhost.node-js conectado
[2024-07-05T13:21:43.787Z] [SUCCESS] Aplicativo iniciado na porta 8080
[2024-07-05T13:21:43.869Z] [SUCCESS] Banco de dados localhost.node-js conectado
[2024-07-05T13:21:43.872Z] [SUCCESS] Banco de dados localhost.pw conectado
[2024-07-05T13:21:59.253Z] [SUCCESS] Aplicativo iniciado na porta 8080
[2024-07-05T13:21:59.335Z] [SUCCESS] Banco de dados localhost.node-js conectado
[2024-07-05T13:21:59.337Z] [SUCCESS] Banco de dados localhost.pw conectado
[2024-07-05T13:22:08.528Z] [SUCCESS] Aplicativo iniciado na porta 8080
[2024-07-05T13:22:08.612Z] [SUCCESS] Banco de dados localhost.node-js conectado
[2024-07-05T13:22:08.613Z] [SUCCESS] Banco de dados localhost.pw conectado
[2024-07-05T13:41:55.154Z] [SUCCESS] Aplicativo iniciado na porta 8080
[2024-07-05T13:41:55.235Z] [SUCCESS] Banco de dados localhost.pw conectado
[2024-07-05T13:41:55.237Z] [SUCCESS] Banco de dados localhost.node-js conectado
[2024-07-05T13:48:59.066Z] [SUCCESS] Aplicativo iniciado na porta 8080
[2024-07-05T13:48:59.153Z] [SUCCESS] Banco de dados localhost.node-js conectado
[2024-07-05T13:48:59.156Z] [SUCCESS] Banco de dados localhost.pw conectado
[2024-07-05T13:55:42.688Z] [SUCCESS] Aplicativo iniciado na porta 8080
[2024-07-05T13:55:42.768Z] [SUCCESS] Banco de dados localhost.node-js conectado
[2024-07-05T13:55:42.770Z] [SUCCESS] Banco de dados localhost.pw conectado
[2024-07-05T13:58:18.903Z] [SUCCESS] Aplicativo iniciado na porta 8080
[2024-07-05T13:58:18.988Z] [SUCCESS] Banco de dados localhost.pw conectado
[2024-07-05T13:58:18.990Z] [SUCCESS] Banco de dados localhost.node-js conectado
[2024-07-05T14:04:46.286Z] [SUCCESS] Aplicativo iniciado na porta 8080
[2024-07-05T14:04:46.385Z] [SUCCESS] Banco de dados localhost.node-js conectado
[2024-07-05T14:04:46.387Z] [SUCCESS] Banco de dados localhost.pw conectado
[2024-07-05T14:05:53.859Z] [SUCCESS] Aplicativo iniciado na porta 8080
[2024-07-05T14:05:53.955Z] [SUCCESS] Banco de dados localhost.pw conectado
[2024-07-05T14:05:53.957Z] [SUCCESS] Banco de dados localhost.node-js conectado
[2024-07-05T14:05:57.813Z] [SUCCESS] Aplicativo iniciado na porta 8080
[2024-07-05T14:05:57.907Z] [SUCCESS] Banco de dados localhost.node-js conectado
[2024-07-05T14:05:57.908Z] [SUCCESS] Banco de dados localhost.pw conectado
[2024-07-05T14:06:00.846Z] [SUCCESS] Aplicativo iniciado na porta 8080
[2024-07-05T14:06:00.939Z] [SUCCESS] Banco de dados localhost.node-js conectado
[2024-07-05T14:06:00.940Z] [SUCCESS] Banco de dados localhost.pw conectado
[2024-07-05T14:06:33.763Z] [SUCCESS] Aplicativo iniciado na porta 8080
[2024-07-05T14:06:33.885Z] [SUCCESS] Banco de dados localhost.node-js conectado
[2024-07-05T14:06:33.897Z] [SUCCESS] Banco de dados localhost.pw conectado
[2024-07-05T14:06:44.112Z] [SUCCESS] Aplicativo iniciado na porta 8080
[2024-07-05T14:06:44.223Z] [SUCCESS] Banco de dados localhost.pw conectado
[2024-07-05T14:06:44.226Z] [SUCCESS] Banco de dados localhost.node-js conectado
[2024-07-05T14:07:28.549Z] [SUCCESS] Aplicativo iniciado na porta 8080
[2024-07-05T14:07:28.727Z] [SUCCESS] Banco de dados localhost.node-js conectado
[2024-07-05T14:07:28.730Z] [SUCCESS] Banco de dados localhost.pw conectado
[2024-07-05T14:07:36.192Z] [SUCCESS] Aplicativo iniciado na porta 8080
[2024-07-05T14:07:36.283Z] [SUCCESS] Banco de dados localhost.node-js conectado
[2024-07-05T14:07:36.285Z] [SUCCESS] Banco de dados localhost.pw conectado
[2024-07-05T14:07:40.448Z] [SUCCESS] Aplicativo iniciado na porta 8080
[2024-07-05T14:07:40.541Z] [SUCCESS] Banco de dados localhost.node-js conectado
[2024-07-05T14:07:40.543Z] [SUCCESS] Banco de dados localhost.pw conectado
[2024-07-05T14:07:43.775Z] [SUCCESS] Aplicativo iniciado na porta 8080
[2024-07-05T14:07:43.913Z] [SUCCESS] Banco de dados localhost.pw conectado
[2024-07-05T14:07:43.937Z] [SUCCESS] Banco de dados localhost.node-js conectado
[2024-07-05T14:07:55.000Z] [SUCCESS] Aplicativo iniciado na porta 8080
[2024-07-05T14:07:55.156Z] [SUCCESS] Banco de dados localhost.pw conectado
[2024-07-05T14:07:55.158Z] [SUCCESS] Banco de dados localhost.node-js conectado
[2024-07-05T14:26:31.334Z] [SUCCESS] Aplicativo iniciado na porta 8080
[2024-07-05T14:26:31.452Z] [SUCCESS] Banco de dados localhost.pw conectado
[2024-07-05T14:26:31.455Z] [SUCCESS] Banco de dados localhost.node-js conectado
[2024-07-05T14:26:42.502Z] [SUCCESS] Aplicativo iniciado na porta 8080
[2024-07-05T14:26:42.618Z] [SUCCESS] Banco de dados localhost.node-js conectado
[2024-07-05T14:26:42.698Z] [SUCCESS] Banco de dados localhost.pw conectado
[2024-07-05T14:26:48.597Z] [SUCCESS] Aplicativo iniciado na porta 8080
[2024-07-05T14:26:48.693Z] [SUCCESS] Banco de dados localhost.node-js conectado
[2024-07-05T14:26:48.694Z] [SUCCESS] Banco de dados localhost.pw conectado
[2024-07-05T14:26:56.638Z] [SUCCESS] Aplicativo iniciado na porta 8080
[2024-07-05T14:26:56.744Z] [SUCCESS] Banco de dados localhost.pw conectado
[2024-07-05T14:26:56.745Z] [SUCCESS] Banco de dados localhost.node-js conectado
[2024-07-05T14:28:41.940Z] [SUCCESS] Aplicativo iniciado na porta 8080
[2024-07-05T14:28:42.036Z] [SUCCESS] Banco de dados localhost.pw conectado
[2024-07-05T14:28:42.037Z] [SUCCESS] Banco de dados localhost.node-js conectado
[2024-07-05T14:28:51.802Z] [SUCCESS] Aplicativo iniciado na porta 8080
[2024-07-05T14:28:51.988Z] [SUCCESS] Banco de dados localhost.pw conectado
[2024-07-05T14:28:51.993Z] [SUCCESS] Banco de dados localhost.node-js conectado
[2024-07-05T14:29:11.157Z] [SUCCESS] Aplicativo iniciado na porta 8080
[2024-07-05T14:29:11.277Z] [SUCCESS] Banco de dados localhost.pw conectado
[2024-07-05T14:29:11.279Z] [SUCCESS] Banco de dados localhost.node-js conectado
[2024-07-05T14:29:34.336Z] [SUCCESS] Aplicativo iniciado na porta 8080
[2024-07-05T14:29:34.427Z] [SUCCESS] Banco de dados localhost.pw conectado
[2024-07-05T14:29:34.429Z] [SUCCESS] Banco de dados localhost.node-js conectado
[2024-07-05T14:29:37.984Z] [SUCCESS] Aplicativo iniciado na porta 8080
[2024-07-05T14:29:38.084Z] [SUCCESS] Banco de dados localhost.pw conectado
[2024-07-05T14:29:38.086Z] [SUCCESS] Banco de dados localhost.node-js conectado
[2024-07-05T14:29:42.632Z] [SUCCESS] Aplicativo iniciado na porta 8080
[2024-07-05T14:29:42.727Z] [SUCCESS] Banco de dados localhost.node-js conectado
[2024-07-05T14:29:42.728Z] [SUCCESS] Banco de dados localhost.pw conectado
[2024-07-05T14:29:47.778Z] [SUCCESS] Aplicativo iniciado na porta 8080
[2024-07-05T14:29:47.914Z] [SUCCESS] Banco de dados localhost.pw conectado
[2024-07-05T14:29:47.916Z] [SUCCESS] Banco de dados localhost.node-js conectado
[2024-07-05T14:30:24.354Z] [SUCCESS] Aplicativo iniciado na porta 8080
[2024-07-05T14:30:24.478Z] [SUCCESS] Banco de dados localhost.pw conectado
[2024-07-05T14:30:24.486Z] [SUCCESS] Banco de dados localhost.node-js conectado
[2024-07-05T14:31:17.070Z] [SUCCESS] Aplicativo iniciado na porta 8080
[2024-07-05T14:31:17.190Z] [SUCCESS] Banco de dados localhost.node-js conectado
[2024-07-05T14:31:17.192Z] [SUCCESS] Banco de dados localhost.pw conectado
[2024-07-05T14:31:52.033Z] [SUCCESS] Aplicativo iniciado na porta 8080
[2024-07-05T14:31:52.182Z] [SUCCESS] Banco de dados localhost.pw conectado
[2024-07-05T14:31:52.188Z] [SUCCESS] Banco de dados localhost.node-js conectado
[2024-07-05T14:32:38.865Z] [SUCCESS] Aplicativo iniciado na porta 8080
[2024-07-05T14:32:39.067Z] [SUCCESS] Banco de dados localhost.pw conectado
[2024-07-05T14:32:39.069Z] [SUCCESS] Banco de dados localhost.node-js conectado
[2024-07-05T14:32:47.160Z] [SUCCESS] Aplicativo iniciado na porta 8080
[2024-07-05T14:32:47.286Z] [SUCCESS] Banco de dados localhost.node-js conectado
[2024-07-05T14:32:47.288Z] [SUCCESS] Banco de dados localhost.pw conectado
[2024-07-05T14:37:17.848Z] [SUCCESS] Aplicativo iniciado na porta 8080
[2024-07-05T14:37:17.937Z] [SUCCESS] Banco de dados localhost.node-js conectado
[2024-07-05T14:37:17.939Z] [SUCCESS] Banco de dados localhost.pw conectado
[2024-07-05T14:38:08.180Z] [SUCCESS] Aplicativo iniciado na porta 8080
[2024-07-05T14:38:08.291Z] [SUCCESS] Banco de dados localhost.node-js conectado
[2024-07-05T14:38:08.294Z] [SUCCESS] Banco de dados localhost.pw conectado
[2024-07-05T14:38:13.161Z] [SUCCESS] Aplicativo iniciado na porta 8080
[2024-07-05T14:38:13.276Z] [SUCCESS] Banco de dados localhost.node-js conectado
[2024-07-05T14:38:13.322Z] [SUCCESS] Banco de dados localhost.pw conectado
[2024-07-05T14:38:56.856Z] [SUCCESS] Aplicativo iniciado na porta 8080
[2024-07-05T14:38:56.939Z] [SUCCESS] Banco de dados localhost.node-js conectado
[2024-07-05T14:38:56.940Z] [SUCCESS] Banco de dados localhost.pw conectado
[2024-07-05T14:39:20.720Z] [SUCCESS] Aplicativo iniciado na porta 8080
[2024-07-05T14:39:20.802Z] [SUCCESS] Banco de dados localhost.pw conectado
[2024-07-05T14:39:20.806Z] [SUCCESS] Banco de dados localhost.node-js conectado
[2024-07-05T14:41:50.732Z] [SUCCESS] Aplicativo iniciado na porta 8080
[2024-07-05T14:41:50.821Z] [SUCCESS] Banco de dados localhost.pw conectado
[2024-07-05T14:41:50.823Z] [SUCCESS] Banco de dados localhost.node-js conectado
[2024-07-05T17:20:42.210Z] [SUCCESS] Aplicativo iniciado na porta 8080
[2024-07-05T17:20:42.308Z] [SUCCESS] Banco de dados localhost.node-js conectado
[2024-07-05T17:20:42.309Z] [SUCCESS] Banco de dados localhost.pw conectado
[2024-07-05T17:21:04.723Z] [SUCCESS] Aplicativo iniciado na porta 8080
[2024-07-05T17:21:04.810Z] [SUCCESS] Banco de dados localhost.pw conectado
[2024-07-05T17:21:04.813Z] [SUCCESS] Banco de dados localhost.node-js conectado
[2024-07-05T17:26:18.036Z] [SUCCESS] Aplicativo iniciado na porta 8080
[2024-07-05T17:26:18.127Z] [SUCCESS] Banco de dados localhost.pw conectado
[2024-07-05T17:26:18.130Z] [SUCCESS] Banco de dados localhost.node-js conectado
[2024-07-05T17:57:45.004Z] [SUCCESS] Aplicativo iniciado na porta 8080
[2024-07-05T17:57:45.092Z] [SUCCESS] Banco de dados localhost.node-js conectado
[2024-07-05T17:57:45.093Z] [SUCCESS] Banco de dados localhost.pw conectado
[2024-07-05T18:13:23.577Z] [SUCCESS] Aplicativo iniciado na porta 8080
[2024-07-05T18:13:23.702Z] [SUCCESS] Banco de dados localhost.node-js conectado
[2024-07-05T18:13:23.742Z] [SUCCESS] Banco de dados localhost.pw conectado
[2024-07-05T20:42:26.052Z] [SUCCESS] Aplicativo iniciado na porta 8080
[2024-07-05T20:42:26.497Z] [SUCCESS] Banco de dados localhost.pw conectado
[2024-07-05T20:42:26.505Z] [SUCCESS] Banco de dados localhost.node-js conectado
[2024-07-05T21:17:27.159Z] [SUCCESS] Aplicativo iniciado na porta 8080
[2024-07-05T21:17:27.204Z] [SUCCESS] Banco de dados localhost.pw conectado
[2024-07-05T21:17:27.204Z] [SUCCESS] Banco de dados localhost.node-js conectado
[2024-07-05T21:17:37.379Z] [ERROR] Erro ao buscar dados: Unknown column 'default_language' in 'field list'
[2024-07-05T22:05:22.552Z] [SUCCESS] Aplicativo iniciado na porta 8080
[2024-07-05T22:05:22.717Z] [SUCCESS] Banco de dados localhost.node-js conectado
[2024-07-05T22:05:22.725Z] [SUCCESS] Banco de dados localhost.pw conectado
